2026-03-11 21:49:23 [background-preinit] INFO  o.h.validator.internal.util.Version - HV000001: Hibernate Validator 8.0.3.Final
2026-03-11 21:49:23 [restartedMain] INFO  c.m.l.LostFoundSystemApplication - Starting LostFoundSystemApplication using Java 23.0.2 with PID 34016 (C:\Users\saura\OneDrive\Desktop\lostfound\target\classes started by saura in C:\Users\saura\OneDrive\Desktop\lostfound)
2026-03-11 21:49:23 [restartedMain] DEBUG c.m.l.LostFoundSystemApplication - Running with Spring Boot v3.5.11, Spring v6.2.16
2026-03-11 21:49:23 [restartedMain] INFO  c.m.l.LostFoundSystemApplication - No active profile set, falling back to 1 default profile: "default"
2026-03-11 21:49:23 [restartedMain] INFO  o.s.b.d.e.DevToolsPropertyDefaultsPostProcessor - Devtools property defaults active! Set 'spring.devtools.add-properties' to 'false' to disable
2026-03-11 21:49:23 [restartedMain] INFO  o.s.b.d.e.DevToolsPropertyDefaultsPostProcessor - For additional web related logging consider setting the 'logging.level.web' property to 'DEBUG'
2026-03-11 21:49:25 [restartedMain] INFO  o.s.d.r.c.RepositoryConfigurationDelegate - Bootstrapping Spring Data JPA repositories in DEFAULT mode.
2026-03-11 21:49:25 [restartedMain] INFO  o.s.d.r.c.RepositoryConfigurationDelegate - Finished Spring Data repository scanning in 267 ms. Found 2 JPA repository interfaces.
2026-03-11 21:49:26 [restartedMain] INFO  o.s.b.w.e.tomcat.TomcatWebServer - Tomcat initialized with port 8080 (http)
2026-03-11 21:49:27 [restartedMain] INFO  o.a.coyote.http11.Http11NioProtocol - Initializing ProtocolHandler ["http-nio-8080"]
2026-03-11 21:49:27 [restartedMain] INFO  o.a.catalina.core.StandardService - Starting service [Tomcat]
2026-03-11 21:49:27 [restartedMain] INFO  o.a.catalina.core.StandardEngine - Starting Servlet engine: [Apache Tomcat/10.1.52]
2026-03-11 21:49:27 [restartedMain] INFO  o.a.c.c.C.[Tomcat].[localhost].[/] - Initializing Spring embedded WebApplicationContext
2026-03-11 21:49:27 [restartedMain] INFO  o.s.b.w.s.c.ServletWebServerApplicationContext - Root WebApplicationContext: initialization completed in 3697 ms
2026-03-11 21:49:27 [restartedMain] INFO  o.h.jpa.internal.util.LogHelper - HHH000204: Processing PersistenceUnitInfo [name: default]
2026-03-11 21:49:27 [restartedMain] INFO  org.hibernate.Version - HHH000412: Hibernate ORM core version 6.6.42.Final
2026-03-11 21:49:27 [restartedMain] INFO  o.h.c.i.RegionFactoryInitiator - HHH000026: Second-level cache disabled
2026-03-11 21:49:28 [restartedMain] INFO  o.s.o.j.p.SpringPersistenceUnitInfo - No LoadTimeWeaver setup: ignoring JPA class transformer
2026-03-11 21:49:28 [restartedMain] INFO  com.zaxxer.hikari.HikariDataSource - HikariPool-1 - Starting...
2026-03-11 21:49:28 [restartedMain] INFO  com.zaxxer.hikari.pool.HikariPool - HikariPool-1 - Added connection com.mysql.cj.jdbc.ConnectionImpl@8163e75
2026-03-11 21:49:28 [restartedMain] INFO  com.zaxxer.hikari.HikariDataSource - HikariPool-1 - Start completed.
2026-03-11 21:49:29 [restartedMain] WARN  org.hibernate.orm.deprecation - HHH90000025: MySQL8Dialect does not need to be specified explicitly using 'hibernate.dialect' (remove the property setting and it will be selected by default)
2026-03-11 21:49:29 [restartedMain] WARN  org.hibernate.orm.deprecation - HHH90000026: MySQL8Dialect has been deprecated; use org.hibernate.dialect.MySQLDialect instead
2026-03-11 21:49:29 [restartedMain] INFO  o.hibernate.orm.connections.pooling - HHH10001005: Database info:
	Database JDBC URL [Connecting through datasource 'HikariDataSource (HikariPool-1)']
	Database driver: undefined/unknown
	Database version: 8.0
	Autocommit mode: undefined/unknown
	Isolation level: undefined/unknown
	Minimum pool size: undefined/unknown
	Maximum pool size: undefined/unknown
2026-03-11 21:49:30 [restartedMain] INFO  o.h.e.t.j.p.i.JtaPlatformInitiator - HHH000489: No JTA platform available (set 'hibernate.transaction.jta.platform' to enable JTA platform integration)
2026-03-11 21:49:31 [restartedMain] INFO  o.s.o.j.LocalContainerEntityManagerFactoryBean - Initialized JPA EntityManagerFactory for persistence unit 'default'
2026-03-11 21:49:31 [restartedMain] WARN  o.s.b.a.o.j.JpaBaseConfiguration$JpaWebConfiguration - spring.jpa.open-in-view is enabled by default. Therefore, database queries may be performed during view rendering. Explicitly configure spring.jpa.open-in-view to disable this warning
2026-03-11 21:49:32 [restartedMain] INFO  o.s.b.d.a.OptionalLiveReloadServer - LiveReload server is running on port 35729
2026-03-11 21:49:32 [restartedMain] INFO  o.a.coyote.http11.Http11NioProtocol - Starting ProtocolHandler ["http-nio-8080"]
2026-03-11 21:49:32 [restartedMain] INFO  o.s.b.w.e.tomcat.TomcatWebServer - Tomcat started on port 8080 (http) with context path '/'
2026-03-11 21:49:32 [restartedMain] INFO  c.m.l.LostFoundSystemApplication - Started LostFoundSystemApplication in 10.907 seconds (process running for 12.391)
2026-03-11 21:51:34 [SpringApplicationShutdownHook] INFO  o.s.b.w.e.tomcat.GracefulShutdown - Commencing graceful shutdown. Waiting for active requests to complete
2026-03-11 21:51:34 [tomcat-shutdown] INFO  o.s.b.w.e.tomcat.GracefulShutdown - Graceful shutdown complete
2026-03-11 21:51:34 [SpringApplicationShutdownHook] INFO  o.s.o.j.LocalContainerEntityManagerFactoryBean - Closing JPA EntityManagerFactory for persistence unit 'default'
2026-03-11 21:51:34 [SpringApplicationShutdownHook] INFO  com.zaxxer.hikari.HikariDataSource - HikariPool-1 - Shutdown initiated...
2026-03-11 21:51:34 [SpringApplicationShutdownHook] INFO  com.zaxxer.hikari.HikariDataSource - HikariPool-1 - Shutdown completed.
2026-03-11 21:51:45 [background-preinit] INFO  o.h.validator.internal.util.Version - HV000001: Hibernate Validator 8.0.3.Final
2026-03-11 21:51:45 [restartedMain] INFO  c.m.l.LostFoundSystemApplication - Starting LostFoundSystemApplication using Java 23.0.2 with PID 35680 (C:\Users\saura\OneDrive\Desktop\lostfound\target\classes started by saura in C:\Users\saura\OneDrive\Desktop\lostfound)
2026-03-11 21:51:45 [restartedMain] DEBUG c.m.l.LostFoundSystemApplication - Running with Spring Boot v3.5.11, Spring v6.2.16
2026-03-11 21:51:45 [restartedMain] INFO  c.m.l.LostFoundSystemApplication - No active profile set, falling back to 1 default profile: "default"
2026-03-11 21:51:45 [restartedMain] INFO  o.s.b.d.e.DevToolsPropertyDefaultsPostProcessor - Devtools property defaults active! Set 'spring.devtools.add-properties' to 'false' to disable
2026-03-11 21:51:45 [restartedMain] INFO  o.s.b.d.e.DevToolsPropertyDefaultsPostProcessor - For additional web related logging consider setting the 'logging.level.web' property to 'DEBUG'
2026-03-11 21:51:46 [restartedMain] INFO  o.s.d.r.c.RepositoryConfigurationDelegate - Bootstrapping Spring Data JPA repositories in DEFAULT mode.
2026-03-11 21:51:46 [restartedMain] INFO  o.s.d.r.c.RepositoryConfigurationDelegate - Finished Spring Data repository scanning in 85 ms. Found 2 JPA repository interfaces.
2026-03-11 21:51:47 [restartedMain] INFO  o.s.b.w.e.tomcat.TomcatWebServer - Tomcat initialized with port 8080 (http)
2026-03-11 21:51:47 [restartedMain] INFO  o.a.coyote.http11.Http11NioProtocol - Initializing ProtocolHandler ["http-nio-8080"]
2026-03-11 21:51:47 [restartedMain] INFO  o.a.catalina.core.StandardService - Starting service [Tomcat]
2026-03-11 21:51:47 [restartedMain] INFO  o.a.catalina.core.StandardEngine - Starting Servlet engine: [Apache Tomcat/10.1.52]
2026-03-11 21:51:47 [restartedMain] INFO  o.a.c.c.C.[Tomcat].[localhost].[/] - Initializing Spring embedded WebApplicationContext
2026-03-11 21:51:47 [restartedMain] INFO  o.s.b.w.s.c.ServletWebServerApplicationContext - Root WebApplicationContext: initialization completed in 2481 ms
2026-03-11 21:51:48 [restartedMain] INFO  o.h.jpa.internal.util.LogHelper - HHH000204: Processing PersistenceUnitInfo [name: default]
2026-03-11 21:51:48 [restartedMain] INFO  org.hibernate.Version - HHH000412: Hibernate ORM core version 6.6.42.Final
2026-03-11 21:51:48 [restartedMain] INFO  o.h.c.i.RegionFactoryInitiator - HHH000026: Second-level cache disabled
2026-03-11 21:51:48 [restartedMain] INFO  o.s.o.j.p.SpringPersistenceUnitInfo - No LoadTimeWeaver setup: ignoring JPA class transformer
2026-03-11 21:51:48 [restartedMain] INFO  com.zaxxer.hikari.HikariDataSource - HikariPool-1 - Starting...
2026-03-11 21:51:49 [restartedMain] INFO  com.zaxxer.hikari.pool.HikariPool - HikariPool-1 - Added connection com.mysql.cj.jdbc.ConnectionImpl@8163e75
2026-03-11 21:51:49 [restartedMain] INFO  com.zaxxer.hikari.HikariDataSource - HikariPool-1 - Start completed.
2026-03-11 21:51:49 [restartedMain] WARN  org.hibernate.orm.deprecation - HHH90000025: MySQL8Dialect does not need to be specified explicitly using 'hibernate.dialect' (remove the property setting and it will be selected by default)
2026-03-11 21:51:49 [restartedMain] WARN  org.hibernate.orm.deprecation - HHH90000026: MySQL8Dialect has been deprecated; use org.hibernate.dialect.MySQLDialect instead
2026-03-11 21:51:49 [restartedMain] INFO  o.hibernate.orm.connections.pooling - HHH10001005: Database info:
	Database JDBC URL [Connecting through datasource 'HikariDataSource (HikariPool-1)']
	Database driver: undefined/unknown
	Database version: 8.0
	Autocommit mode: undefined/unknown
	Isolation level: undefined/unknown
	Minimum pool size: undefined/unknown
	Maximum pool size: undefined/unknown
2026-03-11 21:51:50 [restartedMain] INFO  o.h.e.t.j.p.i.JtaPlatformInitiator - HHH000489: No JTA platform available (set 'hibernate.transaction.jta.platform' to enable JTA platform integration)
2026-03-11 21:51:51 [restartedMain] INFO  o.s.o.j.LocalContainerEntityManagerFactoryBean - Initialized JPA EntityManagerFactory for persistence unit 'default'
2026-03-11 21:51:51 [restartedMain] WARN  o.s.b.a.o.j.JpaBaseConfiguration$JpaWebConfiguration - spring.jpa.open-in-view is enabled by default. Therefore, database queries may be performed during view rendering. Explicitly configure spring.jpa.open-in-view to disable this warning
2026-03-11 21:51:52 [restartedMain] INFO  o.s.b.d.a.OptionalLiveReloadServer - LiveReload server is running on port 35729
2026-03-11 21:51:52 [restartedMain] INFO  o.a.coyote.http11.Http11NioProtocol - Starting ProtocolHandler ["http-nio-8080"]
2026-03-11 21:51:52 [restartedMain] INFO  o.s.b.w.e.tomcat.TomcatWebServer - Tomcat started on port 8080 (http) with context path '/'
2026-03-11 21:51:52 [restartedMain] INFO  c.m.l.LostFoundSystemApplication - Started LostFoundSystemApplication in 8.562 seconds (process running for 9.405)
2026-03-11 21:52:33 [http-nio-8080-exec-1] INFO  o.a.c.c.C.[Tomcat].[localhost].[/] - Initializing Spring DispatcherServlet 'dispatcherServlet'
2026-03-11 21:52:33 [http-nio-8080-exec-1] INFO  o.s.web.servlet.DispatcherServlet - Initializing Servlet 'dispatcherServlet'
2026-03-11 21:52:33 [http-nio-8080-exec-1] INFO  o.s.web.servlet.DispatcherServlet - Completed initialization in 2 ms
2026-03-11 21:52:34 [http-nio-8080-exec-1] INFO  c.m.l.controller.ItemController - Fetching all items
2026-03-11 21:52:34 [http-nio-8080-exec-1] INFO  c.m.l.service.impl.ItemServiceImpl - Fetching items page 0
2026-03-11 21:52:34 [http-nio-8080-exec-1] WARN  o.s.d.w.c.SpringDataJacksonConfiguration$PageModule$WarningLoggingModifier - Serializing PageImpl instances as-is is not supported, meaning that there is no guarantee about the stability of the resulting JSON structure!
	For a stable JSON structure, please use Spring Data's PagedModel (globally via @EnableSpringDataWebSupport(pageSerializationMode = VIA_DTO))
	or Spring HATEOAS and Spring Data's PagedResourcesAssembler as documented in https://docs.spring.io/spring-data/commons/reference/repositories/core-extensions.html#core.web.pageables.

2026-03-11 21:52:34 [http-nio-8080-exec-5] INFO  c.m.l.controller.ItemController - Fetching all items
2026-03-11 21:52:34 [http-nio-8080-exec-5] INFO  c.m.l.service.impl.ItemServiceImpl - Fetching items page 0
2026-03-11 21:52:43 [http-nio-8080-exec-4] INFO  c.m.l.controller.UserController - Registering user: saurabh86453@gmail.com
2026-03-11 21:52:43 [http-nio-8080-exec-4] WARN  o.s.w.s.m.m.a.ExceptionHandlerExceptionResolver - Resolved [com.my.lostfound.exception.BadRequestException: Email already exists]
2026-03-11 21:52:53 [http-nio-8080-exec-7] INFO  c.m.l.controller.UserController - User login attempt: saurabh86453@gmail.com
2026-03-11 21:52:53 [http-nio-8080-exec-8] INFO  c.m.l.controller.ItemController - Fetching all items
2026-03-11 21:52:53 [http-nio-8080-exec-8] INFO  c.m.l.service.impl.ItemServiceImpl - Fetching items page 0
2026-03-11 21:52:53 [http-nio-8080-exec-10] INFO  c.m.l.controller.ItemController - Fetching all items
2026-03-11 21:52:53 [http-nio-8080-exec-10] INFO  c.m.l.service.impl.ItemServiceImpl - Fetching items page 0
2026-03-11 21:53:46 [http-nio-8080-exec-6] INFO  c.m.l.controller.ItemController - Creating new item
2026-03-11 21:53:46 [http-nio-8080-exec-6] INFO  c.m.l.service.impl.ItemServiceImpl - Creating item: vivio chori ho gava
2026-03-11 21:53:46 [http-nio-8080-exec-1] INFO  c.m.l.controller.ItemController - Uploading image for item 2
2026-03-11 21:53:46 [http-nio-8080-exec-1] INFO  c.m.l.service.impl.ItemServiceImpl - Uploading file for item 2
2026-03-11 21:53:49 [http-nio-8080-exec-5] INFO  c.m.l.controller.ItemController - Fetching all items
2026-03-11 21:53:49 [http-nio-8080-exec-5] INFO  c.m.l.service.impl.ItemServiceImpl - Fetching items page 0
2026-03-11 21:53:49 [http-nio-8080-exec-3] INFO  c.m.l.controller.ItemController - Fetching all items
2026-03-11 21:53:49 [http-nio-8080-exec-3] INFO  c.m.l.service.impl.ItemServiceImpl - Fetching items page 0
2026-03-11 21:54:59 [http-nio-8080-exec-2] INFO  c.m.l.controller.ItemController - Fetching all items
2026-03-11 21:54:59 [http-nio-8080-exec-2] INFO  c.m.l.service.impl.ItemServiceImpl - Fetching items page 0
2026-03-11 21:54:59 [http-nio-8080-exec-7] INFO  c.m.l.controller.ItemController - Fetching all items
2026-03-11 21:54:59 [http-nio-8080-exec-7] INFO  c.m.l.service.impl.ItemServiceImpl - Fetching items page 0
2026-03-11 23:44:12 [http-nio-8080-exec-9] INFO  c.m.l.controller.ItemController - Fetching all items
2026-03-11 23:44:12 [http-nio-8080-exec-9] INFO  c.m.l.service.impl.ItemServiceImpl - Fetching items page 0
2026-03-11 23:44:12 [http-nio-8080-exec-6] INFO  c.m.l.controller.ItemController - Fetching all items
2026-03-11 23:44:12 [http-nio-8080-exec-6] INFO  c.m.l.service.impl.ItemServiceImpl - Fetching items page 0
2026-03-11 23:44:37 [http-nio-8080-exec-3] INFO  c.m.l.controller.ItemController - Fetching all items
2026-03-11 23:44:37 [http-nio-8080-exec-3] INFO  c.m.l.service.impl.ItemServiceImpl - Fetching items page 0
2026-03-11 23:44:37 [http-nio-8080-exec-4] INFO  c.m.l.controller.ItemController - Fetching all items
2026-03-11 23:44:37 [http-nio-8080-exec-4] INFO  c.m.l.service.impl.ItemServiceImpl - Fetching items page 0
